DEBUG:charset_normalizer:Encoding detection: ascii is most likely the one.
DEBUG:charset_normalizer:Encoding detection: ascii is most likely the one.
DEBUG:visited:https://cs.jhu.edu/~yarowsky/cs466.html
DEBUG:charset_normalizer:Encoding detection: ascii is most likely the one.
DEBUG:visited:https://www.cs.jhu.edu/~yarowsky/601.466.hw1.pdf
DEBUG:extracted:('https://www.cs.jhu.edu/~yarowsky/601.466.hw1.pdf', 'EMAIL', 'xd6@4u.pA')
DEBUG:charset_normalizer:Encoding detection: Unable to determine any suitable charset.
DEBUG:charset_normalizer:Encoding detection: Unable to determine any suitable charset.
WARNING:bs4.dammit:Some characters could not be decoded, and were replaced with REPLACEMENT CHARACTER.
DEBUG:visited:https://www.cs.jhu.edu/~yarowsky/601.466.hw2.pdf
DEBUG:extracted:('https://www.cs.jhu.edu/~yarowsky/601.466.hw2.pdf', 'EMAIL', 'xe5@h.n')
DEBUG:charset_normalizer:Encoding detection: Unable to determine any suitable charset.
DEBUG:charset_normalizer:Encoding detection: Unable to determine any suitable charset.
WARNING:bs4.dammit:Some characters could not be decoded, and were replaced with REPLACEMENT CHARACTER.
DEBUG:visited:https://www.cs.jhu.edu/~yarowsky/601.466.hw3.pdf
DEBUG:extracted:('https://www.cs.jhu.edu/~yarowsky/601.466.hw3.pdf', 'EMAIL', 'xf4c@R.Lu')
DEBUG:extracted:('https://www.cs.jhu.edu/~yarowsky/601.466.hw3.pdf', 'EMAIL', 'xf3CL@P.7')
DEBUG:extracted:('https://www.cs.jhu.edu/~yarowsky/601.466.hw3.pdf', 'EMAIL', 'xc3@V.k')
DEBUG:charset_normalizer:Encoding detection: Unable to determine any suitable charset.
DEBUG:charset_normalizer:Encoding detection: Unable to determine any suitable charset.
WARNING:bs4.dammit:Some characters could not be decoded, and were replaced with REPLACEMENT CHARACTER.
DEBUG:visited:https://www.cs.jhu.edu/~yarowsky/601.466.hw4.pdf
DEBUG:charset_normalizer:Encoding detection: Unable to determine any suitable charset.
DEBUG:charset_normalizer:Encoding detection: Unable to determine any suitable charset.
WARNING:bs4.dammit:Some characters could not be decoded, and were replaced with REPLACEMENT CHARACTER.
DEBUG:visited:http://www.cs.jhu.edu/~yarowsky/601.466.syl.pdf
DEBUG:charset_normalizer:Encoding detection: Unable to determine any suitable charset.
DEBUG:charset_normalizer:Encoding detection: Unable to determine any suitable charset.
WARNING:bs4.dammit:Some characters could not be decoded, and were replaced with REPLACEMENT CHARACTER.
DEBUG:visited:https://www.cs.jhu.edu/~yarowsky/
DEBUG:extracted:('https://www.cs.jhu.edu/~yarowsky/', 'EMAIL', 'yarowsky@jhu.edu')
DEBUG:extracted:('https://www.cs.jhu.edu/~yarowsky/', 'ADDRESS', 'Baltimore, MD 21218')
DEBUG:charset_normalizer:Encoding detection: ascii is most likely the one.
DEBUG:visited:https://www.cs.jhu.edu/~yarowsky/601.466.on.exam.txt
DEBUG:charset_normalizer:Encoding detection: ascii is most likely the one.
DEBUG:visited:https://www.cs.jhu.edu/~yarowsky/601.466.pr.pdf
DEBUG:charset_normalizer:Encoding detection: Unable to determine any suitable charset.
DEBUG:charset_normalizer:Encoding detection: Unable to determine any suitable charset.
WARNING:bs4.dammit:Some characters could not be decoded, and were replaced with REPLACEMENT CHARACTER.
DEBUG:visited:https://www.cs.jhu.edu/~yarowsky/601.466.l0.pdf
DEBUG:charset_normalizer:Encoding detection: Unable to determine any suitable charset.
DEBUG:charset_normalizer:Encoding detection: Unable to determine any suitable charset.
WARNING:bs4.dammit:Some characters could not be decoded, and were replaced with REPLACEMENT CHARACTER.
DEBUG:visited:https://www.cs.jhu.edu/~yarowsky/histogram_m1.txt
DEBUG:charset_normalizer:Encoding detection: ascii is most likely the one.
DEBUG:visited:https://www.cs.jhu.edu/~yarowsky/histogram_p1.txt
DEBUG:charset_normalizer:Encoding detection: ascii is most likely the one.
DEBUG:visited:https://www.cs.jhu.edu/~yarowsky/irwa-2024-02-06-notes.txt
DEBUG:charset_normalizer:Encoding detection: ascii is most likely the one.
DEBUG:visited:https://www.cs.jhu.edu/~yarowsky/irwa-2024-02-06.mp4
DEBUG:extracted:('https://www.cs.jhu.edu/~yarowsky/irwa-2024-02-06.mp4', 'EMAIL', 'x96@B.f')
DEBUG:extracted:('https://www.cs.jhu.edu/~yarowsky/irwa-2024-02-06.mp4', 'EMAIL', 'xdc@h.Q')
DEBUG:extracted:('https://www.cs.jhu.edu/~yarowsky/irwa-2024-02-06.mp4', 'EMAIL', 'x00@id.6')
DEBUG:extracted:('https://www.cs.jhu.edu/~yarowsky/irwa-2024-02-06.mp4', 'EMAIL', 'xe2@vIuk.6')
DEBUG:extracted:('https://www.cs.jhu.edu/~yarowsky/irwa-2024-02-06.mp4', 'EMAIL', 'xe9K5@v.Ze')
DEBUG:extracted:('https://www.cs.jhu.edu/~yarowsky/irwa-2024-02-06.mp4', 'EMAIL', 'x06@B.M')
DEBUG:extracted:('https://www.cs.jhu.edu/~yarowsky/irwa-2024-02-06.mp4', 'EMAIL', 'xd2@J.f')
DEBUG:extracted:('https://www.cs.jhu.edu/~yarowsky/irwa-2024-02-06.mp4', 'EMAIL', 'xef@O0.2')
DEBUG:extracted:('https://www.cs.jhu.edu/~yarowsky/irwa-2024-02-06.mp4', 'EMAIL', 'xbcE@_.j')
DEBUG:extracted:('https://www.cs.jhu.edu/~yarowsky/irwa-2024-02-06.mp4', 'EMAIL', 'xde@Q.f')
DEBUG:extracted:('https://www.cs.jhu.edu/~yarowsky/irwa-2024-02-06.mp4', 'EMAIL', 'xd5@hF.U')
DEBUG:extracted:('https://www.cs.jhu.edu/~yarowsky/irwa-2024-02-06.mp4', 'EMAIL', 'xcb@f.n6')
DEBUG:extracted:('https://www.cs.jhu.edu/~yarowsky/irwa-2024-02-06.mp4', 'EMAIL', 'x8c@W.8')
DEBUG:extracted:('https://www.cs.jhu.edu/~yarowsky/irwa-2024-02-06.mp4', 'EMAIL', 'xacC@S.A')
DEBUG:extracted:('https://www.cs.jhu.edu/~yarowsky/irwa-2024-02-06.mp4', 'EMAIL', 'x90c@r.ZD')
DEBUG:extracted:('https://www.cs.jhu.edu/~yarowsky/irwa-2024-02-06.mp4', 'EMAIL', 'xb6Y7@u.I')
DEBUG:extracted:('https://www.cs.jhu.edu/~yarowsky/irwa-2024-02-06.mp4', 'EMAIL', 'xa0@R.U')
DEBUG:extracted:('https://www.cs.jhu.edu/~yarowsky/irwa-2024-02-06.mp4', 'EMAIL', 'xee@P.j')
DEBUG:extracted:('https://www.cs.jhu.edu/~yarowsky/irwa-2024-02-06.mp4', 'EMAIL', 'd@s.Sp')
DEBUG:extracted:('https://www.cs.jhu.edu/~yarowsky/irwa-2024-02-06.mp4', 'EMAIL', 'xac@S3.vu')
DEBUG:extracted:('https://www.cs.jhu.edu/~yarowsky/irwa-2024-02-06.mp4', 'EMAIL', 'xbf@x.d')
DEBUG:extracted:('https://www.cs.jhu.edu/~yarowsky/irwa-2024-02-06.mp4', 'EMAIL', 'xff@f.N')
DEBUG:extracted:('https://www.cs.jhu.edu/~yarowsky/irwa-2024-02-06.mp4', 'EMAIL', 'x036u@U.YI')
DEBUG:extracted:('https://www.cs.jhu.edu/~yarowsky/irwa-2024-02-06.mp4', 'EMAIL', 'xbf@6.G')
DEBUG:extracted:('https://www.cs.jhu.edu/~yarowsky/irwa-2024-02-06.mp4', 'EMAIL', 'xe3@k.6')
DEBUG:extracted:('https://www.cs.jhu.edu/~yarowsky/irwa-2024-02-06.mp4', 'EMAIL', 'x02@X.o')
DEBUG:extracted:('https://www.cs.jhu.edu/~yarowsky/irwa-2024-02-06.mp4', 'EMAIL', 'xf6@6L.E')
DEBUG:extracted:('https://www.cs.jhu.edu/~yarowsky/irwa-2024-02-06.mp4', 'EMAIL', 'x86@l.8')
DEBUG:extracted:('https://www.cs.jhu.edu/~yarowsky/irwa-2024-02-06.mp4', 'EMAIL', 'rC@o.7')
DEBUG:extracted:('https://www.cs.jhu.edu/~yarowsky/irwa-2024-02-06.mp4', 'EMAIL', 'xd3@g.Y')
DEBUG:extracted:('https://www.cs.jhu.edu/~yarowsky/irwa-2024-02-06.mp4', 'EMAIL', 'x9eO@mw.w')
DEBUG:extracted:('https://www.cs.jhu.edu/~yarowsky/irwa-2024-02-06.mp4', 'EMAIL', 'x8bg@C.wV')
DEBUG:extracted:('https://www.cs.jhu.edu/~yarowsky/irwa-2024-02-06.mp4', 'EMAIL', 't@V.B')
DEBUG:extracted:('https://www.cs.jhu.edu/~yarowsky/irwa-2024-02-06.mp4', 'EMAIL', 'xccKe@v.D')
DEBUG:extracted:('https://www.cs.jhu.edu/~yarowsky/irwa-2024-02-06.mp4', 'EMAIL', 'xbc@6t.E')
DEBUG:extracted:('https://www.cs.jhu.edu/~yarowsky/irwa-2024-02-06.mp4', 'EMAIL', 'xce@vZ.E')
DEBUG:extracted:('https://www.cs.jhu.edu/~yarowsky/irwa-2024-02-06.mp4', 'EMAIL', 'xdb@Aa.ZE0')
DEBUG:extracted:('https://www.cs.jhu.edu/~yarowsky/irwa-2024-02-06.mp4', 'EMAIL', 'xcb@.84.uwj')
DEBUG:extracted:('https://www.cs.jhu.edu/~yarowsky/irwa-2024-02-06.mp4', 'EMAIL', 'x18Xt@o.d')
DEBUG:extracted:('https://www.cs.jhu.edu/~yarowsky/irwa-2024-02-06.mp4', 'EMAIL', 'x05@G.7')
DEBUG:extracted:('https://www.cs.jhu.edu/~yarowsky/irwa-2024-02-06.mp4', 'EMAIL', 'xb7@H.iR')
DEBUG:extracted:('https://www.cs.jhu.edu/~yarowsky/irwa-2024-02-06.mp4', 'EMAIL', 'x0f@o.l')
DEBUG:extracted:('https://www.cs.jhu.edu/~yarowsky/irwa-2024-02-06.mp4', 'EMAIL', 'xeci@L.I')
DEBUG:extracted:('https://www.cs.jhu.edu/~yarowsky/irwa-2024-02-06.mp4', 'EMAIL', 'xcfv@7N.z')
DEBUG:extracted:('https://www.cs.jhu.edu/~yarowsky/irwa-2024-02-06.mp4', 'EMAIL', 'xc9o@s.3')
DEBUG:extracted:('https://www.cs.jhu.edu/~yarowsky/irwa-2024-02-06.mp4', 'EMAIL', 'xa8V@L.6')
DEBUG:extracted:('https://www.cs.jhu.edu/~yarowsky/irwa-2024-02-06.mp4', 'EMAIL', 'xdee17@W.U')
DEBUG:extracted:('https://www.cs.jhu.edu/~yarowsky/irwa-2024-02-06.mp4', 'EMAIL', 'x89@9.z')
DEBUG:extracted:('https://www.cs.jhu.edu/~yarowsky/irwa-2024-02-06.mp4', 'EMAIL', 'xbf@2.Y')
DEBUG:extracted:('https://www.cs.jhu.edu/~yarowsky/irwa-2024-02-06.mp4', 'EMAIL', 'xae@E7.s')
DEBUG:extracted:('https://www.cs.jhu.edu/~yarowsky/irwa-2024-02-06.mp4', 'EMAIL', 'x96@p.A')
DEBUG:extracted:('https://www.cs.jhu.edu/~yarowsky/irwa-2024-02-06.mp4', 'EMAIL', 'xfd@Y.h')
DEBUG:extracted:('https://www.cs.jhu.edu/~yarowsky/irwa-2024-02-06.mp4', 'EMAIL', 'xe0@g.b')
DEBUG:extracted:('https://www.cs.jhu.edu/~yarowsky/irwa-2024-02-06.mp4', 'EMAIL', 'xc2@i.B')
DEBUG:extracted:('https://www.cs.jhu.edu/~yarowsky/irwa-2024-02-06.mp4', 'EMAIL', 'xdd@n.D')
DEBUG:extracted:('https://www.cs.jhu.edu/~yarowsky/irwa-2024-02-06.mp4', 'EMAIL', 'x86@S.Hc')
DEBUG:extracted:('https://www.cs.jhu.edu/~yarowsky/irwa-2024-02-06.mp4', 'EMAIL', 'x00@w.MF')
DEBUG:extracted:('https://www.cs.jhu.edu/~yarowsky/irwa-2024-02-06.mp4', 'EMAIL', 'x9bM@M.X')
DEBUG:extracted:('https://www.cs.jhu.edu/~yarowsky/irwa-2024-02-06.mp4', 'EMAIL', 'x05@C.r')
DEBUG:extracted:('https://www.cs.jhu.edu/~yarowsky/irwa-2024-02-06.mp4', 'EMAIL', 'xb1@Qf.3')
DEBUG:extracted:('https://www.cs.jhu.edu/~yarowsky/irwa-2024-02-06.mp4', 'EMAIL', 'xd7@p.I')
DEBUG:extracted:('https://www.cs.jhu.edu/~yarowsky/irwa-2024-02-06.mp4', 'EMAIL', 'xebm_6@_.2W')
DEBUG:extracted:('https://www.cs.jhu.edu/~yarowsky/irwa-2024-02-06.mp4', 'EMAIL', 'xe1@..U')
DEBUG:extracted:('https://www.cs.jhu.edu/~yarowsky/irwa-2024-02-06.mp4', 'EMAIL', 'xd5V@C.3')
DEBUG:extracted:('https://www.cs.jhu.edu/~yarowsky/irwa-2024-02-06.mp4', 'EMAIL', 'xab@Qj.U')
DEBUG:extracted:('https://www.cs.jhu.edu/~yarowsky/irwa-2024-02-06.mp4', 'EMAIL', 'xc5@3.J')
DEBUG:extracted:('https://www.cs.jhu.edu/~yarowsky/irwa-2024-02-06.mp4', 'EMAIL', 'x073Jo@E.v')
DEBUG:extracted:('https://www.cs.jhu.edu/~yarowsky/irwa-2024-02-06.mp4', 'EMAIL', 'xad@aDRiP.H')
DEBUG:extracted:('https://www.cs.jhu.edu/~yarowsky/irwa-2024-02-06.mp4', 'EMAIL', 'x18@-.z')
DEBUG:extracted:('https://www.cs.jhu.edu/~yarowsky/irwa-2024-02-06.mp4', 'EMAIL', 'xa8@Fg.Gp')
DEBUG:extracted:('https://www.cs.jhu.edu/~yarowsky/irwa-2024-02-06.mp4', 'EMAIL', 'xe5@U.9')
DEBUG:extracted:('https://www.cs.jhu.edu/~yarowsky/irwa-2024-02-06.mp4', 'EMAIL', 'xe6@B.j')
DEBUG:extracted:('https://www.cs.jhu.edu/~yarowsky/irwa-2024-02-06.mp4', 'EMAIL', 'xfdl@D.lO')
DEBUG:extracted:('https://www.cs.jhu.edu/~yarowsky/irwa-2024-02-06.mp4', 'EMAIL', 'xdc@3.28')
DEBUG:extracted:('https://www.cs.jhu.edu/~yarowsky/irwa-2024-02-06.mp4', 'EMAIL', 'xa6@Z.9')
DEBUG:extracted:('https://www.cs.jhu.edu/~yarowsky/irwa-2024-02-06.mp4', 'EMAIL', 'xd9@L.R')
DEBUG:extracted:('https://www.cs.jhu.edu/~yarowsky/irwa-2024-02-06.mp4', 'EMAIL', 'qlg@BU.r')
DEBUG:extracted:('https://www.cs.jhu.edu/~yarowsky/irwa-2024-02-06.mp4', 'EMAIL', '7@X.9')
DEBUG:extracted:('https://www.cs.jhu.edu/~yarowsky/irwa-2024-02-06.mp4', 'EMAIL', 'x0bf@0n.a')
DEBUG:extracted:('https://www.cs.jhu.edu/~yarowsky/irwa-2024-02-06.mp4', 'EMAIL', 'xab@1.7')
DEBUG:extracted:('https://www.cs.jhu.edu/~yarowsky/irwa-2024-02-06.mp4', 'EMAIL', 'x9e@h.j5c')
DEBUG:extracted:('https://www.cs.jhu.edu/~yarowsky/irwa-2024-02-06.mp4', 'EMAIL', 'x95@g_.7')
DEBUG:extracted:('https://www.cs.jhu.edu/~yarowsky/irwa-2024-02-06.mp4', 'EMAIL', 'tOE@N.M')
DEBUG:extracted:('https://www.cs.jhu.edu/~yarowsky/irwa-2024-02-06.mp4', 'EMAIL', 'x914@3.U')
DEBUG:extracted:('https://www.cs.jhu.edu/~yarowsky/irwa-2024-02-06.mp4', 'EMAIL', 'x8861@9K.w')
DEBUG:extracted:('https://www.cs.jhu.edu/~yarowsky/irwa-2024-02-06.mp4', 'EMAIL', 'xce@B.j')
DEBUG:extracted:('https://www.cs.jhu.edu/~yarowsky/irwa-2024-02-06.mp4', 'EMAIL', 'x92@x.OG')
DEBUG:extracted:('https://www.cs.jhu.edu/~yarowsky/irwa-2024-02-06.mp4', 'EMAIL', 'xc7@9._')
DEBUG:extracted:('https://www.cs.jhu.edu/~yarowsky/irwa-2024-02-06.mp4', 'EMAIL', 'xe31@l.d')
DEBUG:extracted:('https://www.cs.jhu.edu/~yarowsky/irwa-2024-02-06.mp4', 'EMAIL', 'x97@5.Kp')
DEBUG:extracted:('https://www.cs.jhu.edu/~yarowsky/irwa-2024-02-06.mp4', 'EMAIL', 'xb5@k.O')
DEBUG:extracted:('https://www.cs.jhu.edu/~yarowsky/irwa-2024-02-06.mp4', 'EMAIL', 'xf1@I.2')
DEBUG:extracted:('https://www.cs.jhu.edu/~yarowsky/irwa-2024-02-06.mp4', 'EMAIL', 'xf5@U.R')
DEBUG:extracted:('https://www.cs.jhu.edu/~yarowsky/irwa-2024-02-06.mp4', 'EMAIL', 'xe2@f.x')
DEBUG:extracted:('https://www.cs.jhu.edu/~yarowsky/irwa-2024-02-06.mp4', 'EMAIL', 'xe8@R.qaS')
DEBUG:extracted:('https://www.cs.jhu.edu/~yarowsky/irwa-2024-02-06.mp4', 'EMAIL', 'xcdJ@hV.Q')
DEBUG:extracted:('https://www.cs.jhu.edu/~yarowsky/irwa-2024-02-06.mp4', 'EMAIL', 'xa1@-.Gr')
DEBUG:extracted:('https://www.cs.jhu.edu/~yarowsky/irwa-2024-02-06.mp4', 'EMAIL', 'xc5@B.T')
DEBUG:extracted:('https://www.cs.jhu.edu/~yarowsky/irwa-2024-02-06.mp4', 'EMAIL', 'x0b@u.Io')
DEBUG:extracted:('https://www.cs.jhu.edu/~yarowsky/irwa-2024-02-06.mp4', 'EMAIL', 'x8d@SW.h')
DEBUG:extracted:('https://www.cs.jhu.edu/~yarowsky/irwa-2024-02-06.mp4', 'EMAIL', 'nH@r.Y')
DEBUG:extracted:('https://www.cs.jhu.edu/~yarowsky/irwa-2024-02-06.mp4', 'EMAIL', 'x99I@AQ.T')
DEBUG:extracted:('https://www.cs.jhu.edu/~yarowsky/irwa-2024-02-06.mp4', 'EMAIL', 'x7f@q.8H')
DEBUG:extracted:('https://www.cs.jhu.edu/~yarowsky/irwa-2024-02-06.mp4', 'EMAIL', 'x16@u4.k')
DEBUG:extracted:('https://www.cs.jhu.edu/~yarowsky/irwa-2024-02-06.mp4', 'EMAIL', 'x8f@kFb.v')
DEBUG:extracted:('https://www.cs.jhu.edu/~yarowsky/irwa-2024-02-06.mp4', 'EMAIL', 'x07@I.c')
DEBUG:extracted:('https://www.cs.jhu.edu/~yarowsky/irwa-2024-02-06.mp4', 'EMAIL', '4@B.h')
DEBUG:extracted:('https://www.cs.jhu.edu/~yarowsky/irwa-2024-02-06.mp4', 'EMAIL', 'xf0@-.w')
DEBUG:extracted:('https://www.cs.jhu.edu/~yarowsky/irwa-2024-02-06.mp4', 'EMAIL', 'xec@U.Ns')
DEBUG:extracted:('https://www.cs.jhu.edu/~yarowsky/irwa-2024-02-06.mp4', 'EMAIL', 'xb5@u.K')
DEBUG:extracted:('https://www.cs.jhu.edu/~yarowsky/irwa-2024-02-06.mp4', 'EMAIL', 'xde@E.TK')
DEBUG:extracted:('https://www.cs.jhu.edu/~yarowsky/irwa-2024-02-06.mp4', 'EMAIL', 'x013@D.nA')
DEBUG:extracted:('https://www.cs.jhu.edu/~yarowsky/irwa-2024-02-06.mp4', 'EMAIL', 'x83@Ht._')
DEBUG:extracted:('https://www.cs.jhu.edu/~yarowsky/irwa-2024-02-06.mp4', 'EMAIL', 'xf1@-s.I')
DEBUG:extracted:('https://www.cs.jhu.edu/~yarowsky/irwa-2024-02-06.mp4', 'EMAIL', 'x81@0R.t')
DEBUG:extracted:('https://www.cs.jhu.edu/~yarowsky/irwa-2024-02-06.mp4', 'EMAIL', 'x18kg@T.q')
DEBUG:extracted:('https://www.cs.jhu.edu/~yarowsky/irwa-2024-02-06.mp4', 'EMAIL', 'xbd@S.q')
DEBUG:charset_normalizer:Encoding detection: Unable to determine any suitable charset.
DEBUG:charset_normalizer:Encoding detection: Unable to determine any suitable charset.
WARNING:bs4.dammit:Some characters could not be decoded, and were replaced with REPLACEMENT CHARACTER.
DEBUG:visited:https://www.cs.jhu.edu/~yarowsky/466.officehours.html
DEBUG:extracted:('https://www.cs.jhu.edu/~yarowsky/466.officehours.html', 'EMAIL', 'arya@jhu.edu')
DEBUG:extracted:('https://www.cs.jhu.edu/~yarowsky/466.officehours.html', 'EMAIL', 'czhan105@jhu.edu')
DEBUG:extracted:('https://www.cs.jhu.edu/~yarowsky/466.officehours.html', 'EMAIL', 'smei5@jhu.edu')
DEBUG:charset_normalizer:Encoding detection: ascii is most likely the one.
DEBUG:visited:https://www.cs.jhu.edu/~yarowsky/601.466.hw1.zip
DEBUG:extracted:('https://www.cs.jhu.edu/~yarowsky/601.466.hw1.zip', 'EMAIL', 'xbfFDv@m.A')
DEBUG:extracted:('https://www.cs.jhu.edu/~yarowsky/601.466.hw1.zip', 'EMAIL', 'xb45@1.V')
DEBUG:extracted:('https://www.cs.jhu.edu/~yarowsky/601.466.hw1.zip', 'EMAIL', 'xe4@U.Cv')
DEBUG:extracted:('https://www.cs.jhu.edu/~yarowsky/601.466.hw1.zip', 'EMAIL', 'xe7@gO.8')
DEBUG:charset_normalizer:Encoding detection: Unable to determine any suitable charset.
DEBUG:charset_normalizer:Encoding detection: Unable to determine any suitable charset.
WARNING:bs4.dammit:Some characters could not be decoded, and were replaced with REPLACEMENT CHARACTER.
DEBUG:visited:https://www.cs.jhu.edu/~yarowsky/601.466.hw2.zip
DEBUG:charset_normalizer:Encoding detection: Unable to determine any suitable charset.
DEBUG:charset_normalizer:Encoding detection: Unable to determine any suitable charset.
WARNING:bs4.dammit:Some characters could not be decoded, and were replaced with REPLACEMENT CHARACTER.
DEBUG:visited:https://www.cs.jhu.edu/~yarowsky/601.466.hw3.zip
DEBUG:extracted:('https://www.cs.jhu.edu/~yarowsky/601.466.hw3.zip', 'EMAIL', 'x97@A.L3')
DEBUG:charset_normalizer:Encoding detection: Unable to determine any suitable charset.
DEBUG:charset_normalizer:Encoding detection: Unable to determine any suitable charset.
WARNING:bs4.dammit:Some characters could not be decoded, and were replaced with REPLACEMENT CHARACTER.
DEBUG:visited:https://www.cs.jhu.edu/~yarowsky/Gonzalez-vs-Google-case.pdf
DEBUG:extracted:('https://www.cs.jhu.edu/~yarowsky/Gonzalez-vs-Google-case.pdf', 'EMAIL', 'x93@A.K')
DEBUG:extracted:('https://www.cs.jhu.edu/~yarowsky/Gonzalez-vs-Google-case.pdf', 'EMAIL', 'xaeS@9.6e')
DEBUG:charset_normalizer:Encoding detection: Unable to determine any suitable charset.
DEBUG:charset_normalizer:Encoding detection: Unable to determine any suitable charset.
WARNING:bs4.dammit:Some characters could not be decoded, and were replaced with REPLACEMENT CHARACTER.
DEBUG:visited:http://www.cs.jhu.edu/~yarowsky/601.466.hw4.zip
DEBUG:extracted:('http://www.cs.jhu.edu/~yarowsky/601.466.hw4.zip', 'EMAIL', 'x18@v.xb')
DEBUG:charset_normalizer:Encoding detection: Unable to determine any suitable charset.
DEBUG:charset_normalizer:Encoding detection: Unable to determine any suitable charset.
WARNING:bs4.dammit:Some characters could not be decoded, and were replaced with REPLACEMENT CHARACTER.
DEBUG:visited:https://www.cs.jhu.edu/~yarowsky/cs466slides/
DEBUG:charset_normalizer:Encoding detection: ascii is most likely the one.
DEBUG:visited:http://www.cs.jhu.edu/~yarowsky/sigdat.html
DEBUG:charset_normalizer:Encoding detection: ascii is most likely the one.
DEBUG:visited:http://www.cs.jhu.edu/~yarowsky/pubs.html
DEBUG:charset_normalizer:Encoding detection: ascii is most likely the one.
DEBUG:visited:http://www.cs.jhu.edu/~yarowsky/cs415.html
DEBUG:charset_normalizer:Encoding detection: ascii is most likely the one.
DEBUG:visited:http://www.cs.jhu.edu
DEBUG:extracted:('http://www.cs.jhu.edu', 'EMAIL', 'contactus@cs.jhu.edu')
DEBUG:extracted:('http://www.cs.jhu.edu', 'EMAIL', 'contactus@cs.jhu.edu')
DEBUG:visited:http://www.cs.jhu.edu/~yarowsky/cs466.html
DEBUG:charset_normalizer:Encoding detection: ascii is most likely the one.
DEBUG:visited:https://www.cs.jhu.edu/~yarowsky/cs466slides/updated/SVD-Example.pdf
DEBUG:charset_normalizer:Encoding detection: Unable to determine any suitable charset.
DEBUG:charset_normalizer:Encoding detection: Unable to determine any suitable charset.
WARNING:bs4.dammit:Some characters could not be decoded, and were replaced with REPLACEMENT CHARACTER.
DEBUG:visited:https://www.cs.jhu.edu/~yarowsky/cs466slides/4slides/cs466-lecture-xxii-cfs.ppt
DEBUG:charset_normalizer:Encoding detection: Unable to determine any suitable charset.
DEBUG:charset_normalizer:Encoding detection: Unable to determine any suitable charset.
WARNING:bs4.dammit:Some characters could not be decoded, and were replaced with REPLACEMENT CHARACTER.
DEBUG:visited:https://www.cs.jhu.edu/~yarowsky/cs466slides/4bslides/lec27.ppt
DEBUG:charset_normalizer:Encoding detection: Unable to determine any suitable charset.
DEBUG:charset_normalizer:Encoding detection: Unable to determine any suitable charset.
WARNING:bs4.dammit:Some characters could not be decoded, and were replaced with REPLACEMENT CHARACTER.
DEBUG:visited:https://www.cs.jhu.edu/~yarowsky/cs466slides/4bslides/cs466-pat-tree.ppt
DEBUG:charset_normalizer:Encoding detection: Unable to determine any suitable charset.
DEBUG:charset_normalizer:Encoding detection: Unable to determine any suitable charset.
WARNING:bs4.dammit:Some characters could not be decoded, and were replaced with REPLACEMENT CHARACTER.
DEBUG:visited:https://www.cs.jhu.edu/~yarowsky/cs466slides/4bslides/v30.ppt
DEBUG:charset_normalizer:Encoding detection: Unable to determine any suitable charset.
DEBUG:charset_normalizer:Encoding detection: Unable to determine any suitable charset.
WARNING:bs4.dammit:Some characters could not be decoded, and were replaced with REPLACEMENT CHARACTER.
DEBUG:visited:https://www.cs.jhu.edu/~yarowsky/cs466slides/4slides/http.example/gif.example
DEBUG:charset_normalizer:Encoding detection: ascii is most likely the one.
DEBUG:visited:https://www.cs.jhu.edu/~yarowsky/cs466slides/updated/Dotplot.pdf
DEBUG:extracted:('https://www.cs.jhu.edu/~yarowsky/cs466slides/updated/Dotplot.pdf', 'EMAIL', 'xe5H@l.j')
DEBUG:extracted:('https://www.cs.jhu.edu/~yarowsky/cs466slides/updated/Dotplot.pdf', 'EMAIL', 'xd9h4iNA@y._')
DEBUG:extracted:('https://www.cs.jhu.edu/~yarowsky/cs466slides/updated/Dotplot.pdf', 'EMAIL', 'xf4u@P.E')
DEBUG:extracted:('https://www.cs.jhu.edu/~yarowsky/cs466slides/updated/Dotplot.pdf', 'EMAIL', 'x8a@X.f7W')
DEBUG:charset_normalizer:Encoding detection: Unable to determine any suitable charset.
DEBUG:charset_normalizer:Encoding detection: Unable to determine any suitable charset.
WARNING:bs4.dammit:Some characters could not be decoded, and were replaced with REPLACEMENT CHARACTER.
DEBUG:visited:https://www.cs.jhu.edu/~yarowsky/cs466slides/4slides/http.example/basic.example
DEBUG:extracted:('https://www.cs.jhu.edu/~yarowsky/cs466slides/4slides/http.example/basic.example', 'EMAIL', 'yarowsky@cs.jhu.edu')
DEBUG:extracted:('https://www.cs.jhu.edu/~yarowsky/cs466slides/4slides/http.example/basic.example', 'EMAIL', 'brill@cs.jhu.edu')
DEBUG:extracted:('https://www.cs.jhu.edu/~yarowsky/cs466slides/4slides/http.example/basic.example', 'EMAIL', 'brill@cs.jhu.edu')
DEBUG:charset_normalizer:Encoding detection: ascii is most likely the one.
DEBUG:visited:https://www.cs.jhu.edu/~yarowsky/cs466slides/4slides/http.example/gif.jpg.spoof
DEBUG:charset_normalizer:Encoding detection: ascii is most likely the one.
DEBUG:visited:https://www.cs.jhu.edu/~yarowsky/cs466slides/4slides/CS466-Lecture-XIVa-rev.ppt
DEBUG:charset_normalizer:Encoding detection: Unable to determine any suitable charset.
DEBUG:charset_normalizer:Encoding detection: Unable to determine any suitable charset.
WARNING:bs4.dammit:Some characters could not be decoded, and were replaced with REPLACEMENT CHARACTER.
DEBUG:visited:https://www.cs.jhu.edu/~yarowsky/cs466slides/4bslides/cs466-lecture-xiii-wsk.ppt
DEBUG:charset_normalizer:Encoding detection: Unable to determine any suitable charset.
DEBUG:charset_normalizer:Encoding detection: Unable to determine any suitable charset.
WARNING:bs4.dammit:Some characters could not be decoded, and were replaced with REPLACEMENT CHARACTER.
DEBUG:visited:https://www.cs.jhu.edu/~yarowsky/cs466slides/4slides/http.example/redirect.example
DEBUG:charset_normalizer:Encoding detection: ascii is most likely the one.
DEBUG:visited:https://www.cs.jhu.edu/~yarowsky/cs466slides/4bslides/cs466-lecture-v2.ppt
DEBUG:charset_normalizer:Encoding detection: Unable to determine any suitable charset.
DEBUG:charset_normalizer:Encoding detection: Unable to determine any suitable charset.
WARNING:bs4.dammit:Some characters could not be decoded, and were replaced with REPLACEMENT CHARACTER.
DEBUG:visited:https://www.cs.jhu.edu/~yarowsky/cs466slides/4slides/http.example/postscript.example
DEBUG:charset_normalizer:Encoding detection: ascii is most likely the one.
DEBUG:visited:https://www.cs.jhu.edu/~yarowsky/cs466slides/4bslides/lec26.ppt
DEBUG:charset_normalizer:Encoding detection: Unable to determine any suitable charset.
DEBUG:charset_normalizer:Encoding detection: Unable to determine any suitable charset.
WARNING:bs4.dammit:Some characters could not be decoded, and were replaced with REPLACEMENT CHARACTER.
DEBUG:visited:https://www.cs.jhu.edu/~yarowsky/cs466slides/4bslides/601.466.pattrees.pdf
DEBUG:extracted:('https://www.cs.jhu.edu/~yarowsky/cs466slides/4bslides/601.466.pattrees.pdf', 'EMAIL', 'xa7@6.k')
DEBUG:charset_normalizer:Encoding detection: Unable to determine any suitable charset.
DEBUG:charset_normalizer:Encoding detection: Unable to determine any suitable charset.
WARNING:bs4.dammit:Some characters could not be decoded, and were replaced with REPLACEMENT CHARACTER.
DEBUG:visited:https://www.cs.jhu.edu/~yarowsky/cs466slides/updated/EM-NamedEntity.pdf
DEBUG:extracted:('https://www.cs.jhu.edu/~yarowsky/cs466slides/updated/EM-NamedEntity.pdf', 'EMAIL', 'x10c@q.Lv')
DEBUG:charset_normalizer:Encoding detection: Unable to determine any suitable charset.
DEBUG:charset_normalizer:Encoding detection: Unable to determine any suitable charset.
WARNING:bs4.dammit:Some characters could not be decoded, and were replaced with REPLACEMENT CHARACTER.
DEBUG:visited:https://www.cs.jhu.edu/~yarowsky/cs466slides/updated/Harvest-updated.pdf
DEBUG:extracted:('https://www.cs.jhu.edu/~yarowsky/cs466slides/updated/Harvest-updated.pdf', 'EMAIL', 'x84@r.z')
DEBUG:extracted:('https://www.cs.jhu.edu/~yarowsky/cs466slides/updated/Harvest-updated.pdf', 'EMAIL', 'x9e@N.d')
DEBUG:charset_normalizer:Encoding detection: Unable to determine any suitable charset.
DEBUG:charset_normalizer:Encoding detection: Unable to determine any suitable charset.
WARNING:bs4.dammit:Some characters could not be decoded, and were replaced with REPLACEMENT CHARACTER.
DEBUG:visited:https://www.cs.jhu.edu/~yarowsky/cs466slides/4bslides/cs466-lecture-viii-wsk.ppt
DEBUG:charset_normalizer:Encoding detection: Unable to determine any suitable charset.
DEBUG:charset_normalizer:Encoding detection: Unable to determine any suitable charset.
WARNING:bs4.dammit:Some characters could not be decoded, and were replaced with REPLACEMENT CHARACTER.
DEBUG:visited:https://www.cs.jhu.edu/~yarowsky/cs466slides/updated/InformationVisualization.pdf
DEBUG:charset_normalizer:Encoding detection: Unable to determine any suitable charset.
DEBUG:charset_normalizer:Encoding detection: Unable to determine any suitable charset.
WARNING:bs4.dammit:Some characters could not be decoded, and were replaced with REPLACEMENT CHARACTER.
DEBUG:visited:https://www.cs.jhu.edu/~yarowsky/cs466slides/4bslides/cs466-lecture-viiii-wsk.ppt
DEBUG:charset_normalizer:Encoding detection: Unable to determine any suitable charset.
DEBUG:charset_normalizer:Encoding detection: Unable to determine any suitable charset.
WARNING:bs4.dammit:Some characters could not be decoded, and were replaced with REPLACEMENT CHARACTER.
DEBUG:visited:https://www.cs.jhu.edu/~yarowsky/cs466slides/lexical-ambiguity-lecture.pdf
DEBUG:charset_normalizer:Encoding detection: Unable to determine any suitable charset.
DEBUG:charset_normalizer:Encoding detection: Unable to determine any suitable charset.
WARNING:bs4.dammit:Some characters could not be decoded, and were replaced with REPLACEMENT CHARACTER.
DEBUG:visited:https://www.cs.jhu.edu/~yarowsky/cs466slides/wsd.ppt
DEBUG:charset_normalizer:Encoding detection: Unable to determine any suitable charset.
DEBUG:charset_normalizer:Encoding detection: Unable to determine any suitable charset.
WARNING:bs4.dammit:Some characters could not be decoded, and were replaced with REPLACEMENT CHARACTER.
DEBUG:visited:https://www.cs.jhu.edu/~yarowsky/cs466slides/4slides/Automatic_Relevancy_Feedback.ppt
DEBUG:charset_normalizer:Encoding detection: Unable to determine any suitable charset.
DEBUG:charset_normalizer:Encoding detection: Unable to determine any suitable charset.
WARNING:bs4.dammit:Some characters could not be decoded, and were replaced with REPLACEMENT CHARACTER.
DEBUG:visited:https://www.cs.jhu.edu/~yarowsky/cs466slides/4slides/CS466-Lecture-XXIV.ppt
DEBUG:charset_normalizer:Encoding detection: Unable to determine any suitable charset.
DEBUG:charset_normalizer:Encoding detection: Unable to determine any suitable charset.
WARNING:bs4.dammit:Some characters could not be decoded, and were replaced with REPLACEMENT CHARACTER.
DEBUG:visited:https://www.cs.jhu.edu/~yarowsky/cs466slides/4bslides/cs466-lecture-25-updated.ppt
DEBUG:extracted:('https://www.cs.jhu.edu/~yarowsky/cs466slides/4bslides/cs466-lecture-25-updated.ppt', 'EMAIL', 'x01@IF.NR')
DEBUG:extracted:('https://www.cs.jhu.edu/~yarowsky/cs466slides/4bslides/cs466-lecture-25-updated.ppt', 'EMAIL', 'x84@P.R')
DEBUG:charset_normalizer:Encoding detection: Unable to determine any suitable charset.
DEBUG:charset_normalizer:Encoding detection: Unable to determine any suitable charset.
WARNING:bs4.dammit:Some characters could not be decoded, and were replaced with REPLACEMENT CHARACTER.
DEBUG:visited:https://www.cs.jhu.edu/~yarowsky/cs466slides/4bslides/cs466-lecture-x-wsk.ppt
DEBUG:charset_normalizer:Encoding detection: Unable to determine any suitable charset.
DEBUG:charset_normalizer:Encoding detection: Unable to determine any suitable charset.
WARNING:bs4.dammit:Some characters could not be decoded, and were replaced with REPLACEMENT CHARACTER.
